<?xml version="1.0" encoding="UTF-8"?>
<testsuite xmlns:xsi="http://www.w3.org/2001/XMLSchema-instance" xsi:noNamespaceSchemaLocation="https://maven.apache.org/surefire/maven-surefire-plugin/xsd/surefire-test-report-3.0.xsd" version="3.0" name="io.micrometer.tracing.internal.SpanNameUtilTests" time="0.004" tests="5" errors="0" skipped="0" failures="0">
  <properties>
[...]
</properties>
  <testcase name="should_shorten_a_name_that_is_above_max_threshold" classname="io.micrometer.tracing.internal.SpanNameUtilTests" time="0.001"/>
  <testcase name="should_not_shorten_a_name_that_is_null" classname="io.micrometer.tracing.internal.SpanNameUtilTests" time="0.0"/>
  <testcase name="should_convert_a_class_name_in_hyphen_based_notation" classname="io.micrometer.tracing.internal.SpanNameUtilTests" time="0.0"/>
  <testcase name="should_convert_a_name_in_hyphen_based_notation" classname="io.micrometer.tracing.internal.SpanNameUtilTests" time="0.0"/>
  <testcase name="should_not_shorten_a_name_that_is_below_max_threshold" classname="io.micrometer.tracing.internal.SpanNameUtilTests" time="0.001"/>
</testsuite>