<?xml version="1.0" encoding="UTF-8"?>
<testsuite xmlns:xsi="http://www.w3.org/2001/XMLSchema-instance" xsi:noNamespaceSchemaLocation="https://maven.apache.org/surefire/maven-surefire-plugin/xsd/surefire-test-report-3.0.xsd" version="3.0" name="io.micrometer.tracing.test.simple.TracerAssertTests" time="0.02" tests="7" errors="0" skipped="0" failures="0">
  <properties>
[...]
</properties>
  <testcase name="should_satisfy_reported_spans" classname="io.micrometer.tracing.test.simple.TracerAssertTests" time="0.006"/>
  <testcase name="should_not_throw_exception_when_name_correct" classname="io.micrometer.tracing.test.simple.TracerAssertTests" time="0.001"/>
  <testcase name="should_not_throw_exception_when_size_of_reported_spans_is_correct" classname="io.micrometer.tracing.test.simple.TracerAssertTests" time="0.0"/>
  <testcase name="should_throw_exception_when_name_incorrect" classname="io.micrometer.tracing.test.simple.TracerAssertTests" time="0.003"/>
  <testcase name="should_throw_exception_when_size_reported_spans_is_invalid" classname="io.micrometer.tracing.test.simple.TracerAssertTests" time="0.003"/>
  <testcase name="should_throw_exception_when_name_incorrect_using_last_span" classname="io.micrometer.tracing.test.simple.TracerAssertTests" time="0.001"/>
  <testcase name="should_not_throw_exception_when_name_correct_using_last_span" classname="io.micrometer.tracing.test.simple.TracerAssertTests" time="0.001"/>
</testsuite>